<?xml version="1.0" encoding="UTF-8"?>
<!-- Generated by org.testng.reporters.JUnitReportReporter -->
<testsuite hostname="DESKTOP-SJHHKK3" failures="0" tests="1" name="tests.NewTest" time="19.655" errors="0" timestamp="2024-09-14T23:21:21 IST" skipped="0">
  <testcase classname="tests.NewTest" name="executeSessionThree" time="19.655"/>
</testsuite> <!-- tests.NewTest -->
